# JRE version: OpenJDK Runtime Environment (8.0_121-b13) (build 1.8.0_121-8u121-b13-0ubuntu1.16.04.2-b13)
# Java VM: OpenJDK Server VM (25.121-b13 mixed mode linux-x86 )
Heap:
 PSYoungGen      total 35840K, used 30397K [0x918c0000, 0x95c40000, 0xa6e00000)
  eden space 33280K, 83% used [0x918c0000,0x933f1e38,0x93940000)
  from space 2560K, 99% used [0x93940000,0x93bbd870,0x93bc0000)
  to   space 12032K, 0% used [0x95080000,0x95080000,0x95c40000)
 ParOldGen       total 75264K, used 55065K [0x66e00000, 0x6b780000, 0x918c0000)
  object space 75264K, 73% used [0x66e00000,0x6a3c65a8,0x6b780000)
 Metaspace       used 10617K, capacity 10820K, committed 10904K, reserved 11568K
GC Heap History (10 events):
Event: 0,756 GC heap before
{Heap before GC invocations=2 (full 0):
 PSYoungGen      total 19200K, used 17784K [0x918c0000, 0x92e00000, 0xa6e00000)
  eden space 16640K, 100% used [0x918c0000,0x92900000,0x92900000)
  from space 2560K, 44% used [0x92900000,0x92a1e050,0x92b80000)
  to   space 2560K, 0% used [0x92b80000,0x92b80000,0x92e00000)
 ParOldGen       total 43776K, used 16008K [0x66e00000, 0x698c0000, 0x918c0000)
  object space 43776K, 36% used [0x66e00000,0x67da2010,0x698c0000)
 Metaspace       used 6371K, capacity 6521K, committed 6680K, reserved 7472K
Event: 0,770 GC heap after
Heap after GC invocations=2 (full 0):
 PSYoungGen      total 19200K, used 1912K [0x918c0000, 0x93e40000, 0xa6e00000)
  eden space 16640K, 0% used [0x918c0000,0x918c0000,0x92900000)
  from space 2560K, 74% used [0x92b80000,0x92d5e030,0x92e00000)
  to   space 2560K, 0% used [0x92900000,0x92900000,0x92b80000)
 ParOldGen       total 43776K, used 20012K [0x66e00000, 0x698c0000, 0x918c0000)
  object space 43776K, 45% used [0x66e00000,0x6818b020,0x698c0000)
 Metaspace       used 6371K, capacity 6521K, committed 6680K, reserved 7472K
}
Event: 1,134 GC heap before
{Heap before GC invocations=3 (full 0):
 PSYoungGen      total 19200K, used 18552K [0x918c0000, 0x93e40000, 0xa6e00000)
  eden space 16640K, 100% used [0x918c0000,0x92900000,0x92900000)
  from space 2560K, 74% used [0x92b80000,0x92d5e030,0x92e00000)
  to   space 2560K, 0% used [0x92900000,0x92900000,0x92b80000)
 ParOldGen       total 43776K, used 20012K [0x66e00000, 0x698c0000, 0x918c0000)
  object space 43776K, 45% used [0x66e00000,0x6818b020,0x698c0000)
 Metaspace       used 6914K, capacity 7099K, committed 7192K, reserved 7472K
Event: 1,142 GC heap after
Heap after GC invocations=3 (full 0):
 PSYoungGen      total 19200K, used 2547K [0x918c0000, 0x93e40000, 0xa6e00000)
  eden space 16640K, 0% used [0x918c0000,0x918c0000,0x92900000)
  from space 2560K, 99% used [0x92900000,0x92b7cc68,0x92b80000)
  to   space 2560K, 0% used [0x93bc0000,0x93bc0000,0x93e40000)
 ParOldGen       total 43776K, used 24142K [0x66e00000, 0x698c0000, 0x918c0000)
  object space 43776K, 55% used [0x66e00000,0x68593ab0,0x698c0000)
 Metaspace       used 6914K, capacity 7099K, committed 7192K, reserved 7472K
}
Event: 3,500 GC heap before
{Heap before GC invocations=4 (full 1):
 PSYoungGen      total 19200K, used 19184K [0x918c0000, 0x93e40000, 0xa6e00000)
  eden space 16640K, 99% used [0x918c0000,0x928ff4b0,0x92900000)
  from space 2560K, 99% used [0x92900000,0x92b7cc68,0x92b80000)
  to   space 2560K, 0% used [0x93bc0000,0x93bc0000,0x93e40000)
 ParOldGen       total 43776K, used 40526K [0x66e00000, 0x698c0000, 0x918c0000)
  object space 43776K, 92% used [0x66e00000,0x69593ac0,0x698c0000)
 Metaspace       used 9447K, capacity 9656K, committed 9752K, reserved 10544K
Event: 3,531 GC heap after
Heap after GC invocations=4 (full 1):
 PSYoungGen      total 19200K, used 2268K [0x918c0000, 0x93e40000, 0xa6e00000)
  eden space 16640K, 0% used [0x918c0000,0x918c0000,0x92900000)
  from space 2560K, 88% used [0x92900000,0x92b373d8,0x92b80000)
  to   space 2560K, 0% used [0x93bc0000,0x93bc0000,0x93e40000)
 ParOldGen       total 75264K, used 43712K [0x66e00000, 0x6b780000, 0x918c0000)
  object space 75264K, 58% used [0x66e00000,0x698b0210,0x6b780000)
 Metaspace       used 9447K, capacity 9656K, committed 9752K, reserved 10544K
}
Event: 3,630 GC heap before
{Heap before GC invocations=5 (full 1):
 PSYoungGen      total 19200K, used 18908K [0x918c0000, 0x93e40000, 0xa6e00000)
  eden space 16640K, 100% used [0x918c0000,0x92900000,0x92900000)
  from space 2560K, 88% used [0x92900000,0x92b373d8,0x92b80000)
  to   space 2560K, 0% used [0x93bc0000,0x93bc0000,0x93e40000)
 ParOldGen       total 75264K, used 43712K [0x66e00000, 0x6b780000, 0x918c0000)
  object space 75264K, 58% used [0x66e00000,0x698b0210,0x6b780000)
 Metaspace       used 9453K, capacity 9656K, committed 9752K, reserved 10544K
Event: 3,634 GC heap after
Heap after GC invocations=5 (full 1):
 PSYoungGen      total 30464K, used 2547K [0x918c0000, 0x93e40000, 0xa6e00000)
  eden space 27904K, 0% used [0x918c0000,0x918c0000,0x93400000)
  from space 2560K, 99% used [0x93bc0000,0x93e3cdd0,0x93e40000)
  to   space 2560K, 0% used [0x93940000,0x93940000,0x93bc0000)
 ParOldGen       total 75264K, used 47043K [0x66e00000, 0x6b780000, 0x918c0000)
  object space 75264K, 62% used [0x66e00000,0x69bf0ef0,0x6b780000)
 Metaspace       used 9453K, capacity 9656K, committed 9752K, reserved 10544K
}
Event: 11,933 GC heap before
{Heap before GC invocations=6 (full 1):
 PSYoungGen      total 30464K, used 30451K [0x918c0000, 0x93e40000, 0xa6e00000)
  eden space 27904K, 100% used [0x918c0000,0x93400000,0x93400000)
  from space 2560K, 99% used [0x93bc0000,0x93e3cdd0,0x93e40000)
  to   space 2560K, 0% used [0x93940000,0x93940000,0x93bc0000)
 ParOldGen       total 75264K, used 47043K [0x66e00000, 0x6b780000, 0x918c0000)
  object space 75264K, 62% used [0x66e00000,0x69bf0ef0,0x6b780000)
 Metaspace       used 10042K, capacity 10236K, committed 10392K, reserved 10544K
Event: 11,941 GC heap after
Heap after GC invocations=6 (full 1):
 PSYoungGen      total 35840K, used 2550K [0x918c0000, 0x95c40000, 0xa6e00000)
  eden space 33280K, 0% used [0x918c0000,0x918c0000,0x93940000)
  from space 2560K, 99% used [0x93940000,0x93bbd870,0x93bc0000)
  to   space 12032K, 0% used [0x95080000,0x95080000,0x95c40000)
 ParOldGen       total 75264K, used 55065K [0x66e00000, 0x6b780000, 0x918c0000)
  object space 75264K, 73% used [0x66e00000,0x6a3c65a8,0x6b780000)
 Metaspace       used 10042K, capacity 10236K, committed 10392K, reserved 10544K
}

