# JRE version: OpenJDK Runtime Environment (8.0_121-b13) (build 1.8.0_121-8u121-b13-0ubuntu1.16.04.2-b13)
# Java VM: OpenJDK Server VM (25.121-b13 mixed mode linux-x86 )
Heap:
 PSYoungGen      total 35840K, used 13241K [0x918c0000, 0x93e40000, 0xa6e00000)
  eden space 33280K, 32% used [0x918c0000,0x92331170,0x93940000)
  from space 2560K, 99% used [0x93bc0000,0x93e3d4b8,0x93e40000)
  to   space 2560K, 0% used [0x93940000,0x93940000,0x93bc0000)
 ParOldGen       total 43776K, used 1171K [0x66e00000, 0x698c0000, 0x918c0000)
  object space 43776K, 2% used [0x66e00000,0x66f24e18,0x698c0000)
 Metaspace       used 8976K, capacity 9166K, committed 9240K, reserved 9520K
GC Heap History (4 events):
Event: 0,855 GC heap before
{Heap before GC invocations=1 (full 0):
 PSYoungGen      total 19200K, used 16640K [0x918c0000, 0x92e00000, 0xa6e00000)
  eden space 16640K, 100% used [0x918c0000,0x92900000,0x92900000)
  from space 2560K, 0% used [0x92b80000,0x92b80000,0x92e00000)
  to   space 2560K, 0% used [0x92900000,0x92900000,0x92b80000)
 ParOldGen       total 43776K, used 0K [0x66e00000, 0x698c0000, 0x918c0000)
  object space 43776K, 0% used [0x66e00000,0x66e00000,0x698c0000)
 Metaspace       used 6258K, capacity 6434K, committed 6552K, reserved 7472K
Event: 0,885 GC heap after
Heap after GC invocations=1 (full 0):
 PSYoungGen      total 19200K, used 2306K [0x918c0000, 0x93e40000, 0xa6e00000)
  eden space 16640K, 0% used [0x918c0000,0x918c0000,0x92900000)
  from space 2560K, 90% used [0x92900000,0x92b40870,0x92b80000)
  to   space 2560K, 0% used [0x93bc0000,0x93bc0000,0x93e40000)
 ParOldGen       total 43776K, used 12K [0x66e00000, 0x698c0000, 0x918c0000)
  object space 43776K, 0% used [0x66e00000,0x66e03000,0x698c0000)
 Metaspace       used 6258K, capacity 6434K, committed 6552K, reserved 7472K
}
Event: 17,892 GC heap before
{Heap before GC invocations=2 (full 0):
 PSYoungGen      total 19200K, used 18946K [0x918c0000, 0x93e40000, 0xa6e00000)
  eden space 16640K, 100% used [0x918c0000,0x92900000,0x92900000)
  from space 2560K, 90% used [0x92900000,0x92b40870,0x92b80000)
  to   space 2560K, 0% used [0x93bc0000,0x93bc0000,0x93e40000)
 ParOldGen       total 43776K, used 12K [0x66e00000, 0x698c0000, 0x918c0000)
  object space 43776K, 0% used [0x66e00000,0x66e03000,0x698c0000)
 Metaspace       used 8891K, capacity 9070K, committed 9112K, reserved 9520K
Event: 17,906 GC heap after
Heap after GC invocations=2 (full 0):
 PSYoungGen      total 35840K, used 2549K [0x918c0000, 0x93e40000, 0xa6e00000)
  eden space 33280K, 0% used [0x918c0000,0x918c0000,0x93940000)
  from space 2560K, 99% used [0x93bc0000,0x93e3d4b8,0x93e40000)
  to   space 2560K, 0% used [0x93940000,0x93940000,0x93bc0000)
 ParOldGen       total 43776K, used 1171K [0x66e00000, 0x698c0000, 0x918c0000)
  object space 43776K, 2% used [0x66e00000,0x66f24e18,0x698c0000)
 Metaspace       used 8891K, capacity 9070K, committed 9112K, reserved 9520K
}

